<?xml version="1.0" encoding="UTF-8"?>
<testng-results ignored="0" total="1" passed="1" failed="0" skipped="0">
  <reporter-output>
  </reporter-output>
  <suite started-at="2019-05-18T18:37:05Z" name="Default suite" finished-at="2019-05-18T18:37:15Z" duration-ms="10147">
    <groups>
    </groups>
    <test started-at="2019-05-18T18:37:05Z" name="Default test" finished-at="2019-05-18T18:37:15Z" duration-ms="10147">
      <class name="TestNGReport">
        <test-method signature="f()[pri:0, instance:TestNGReport@4e08711f]" started-at="2019-05-18T18:37:05Z" name="f" finished-at="2019-05-18T18:37:15Z" duration-ms="10088" status="PASS">
          <reporter-output>
          </reporter-output>
        </test-method> <!-- f -->
      </class> <!-- TestNGReport -->
    </test> <!-- Default test -->
  </suite> <!-- Default suite -->
</testng-results>
